f:\linux_repo\linux_c_sample\linux_c_sample\obj\x64\debug\1079854844.compileuptodatefile.tlog
f:\linux_repo\linux_c_sample\linux_c_sample\obj\x64\debug\1079854844.linkuptodatefile.tlog
f:\linux_repo\linux_c_sample\linux_c_sample\obj\x64\debug\-1437830111.compileuptodatefile.tlog
f:\linux_repo\linux_c_sample\linux_c_sample\obj\x64\debug\-1437830111.copysourcesuptodatefile.tlog
f:\linux_repo\linux_c_sample\linux_c_sample\obj\x64\debug\-1437830111.local_remote_pathmapping.tlog
f:\linux_repo\linux_c_sample\linux_c_sample\obj\x64\debug\-1437830111.remoteprojectdirfile.tlog
f:\linux_repo\linux_c_sample\linux_c_sample\obj\x64\debug\-812577489.compileuptodatefile.tlog
f:\linux_repo\linux_c_sample\linux_c_sample\obj\x64\debug\-812577489.copysourcesuptodatefile.tlog
f:\linux_repo\linux_c_sample\linux_c_sample\obj\x64\debug\-812577489.local_remote_pathmapping.tlog
f:\linux_repo\linux_c_sample\linux_c_sample\obj\x64\debug\-812577489.remoteprojectdirfile.tlog
f:\linux_repo\linux_c_sample\linux_c_sample\obj\x64\debug\1079854844.copysourcesuptodatefile.tlog
f:\linux_repo\linux_c_sample\linux_c_sample\obj\x64\debug\1079854844.local_remote_pathmapping.tlog
f:\linux_repo\linux_c_sample\linux_c_sample\obj\x64\debug\1079854844.remoteprojectdirfile.tlog
f:\linux_repo\linux_c_sample\linux_c_sample\obj\x64\debug\lastremotetarget.tlog
f:\linux_repo\linux_c_sample\linux_c_sample\bin\x64\debug\linux_c_sample.out
f:\linux_repo\linux_c_sample\linux_c_sample\obj\x64\debug\linux_c_sample.vcxproj.filelistabsolute.txt
f:\linux_repo\linux_c_sample\linux_c_sample\obj\x64\debug\linux_c_sample.tlog\cl.items.tlog
f:\linux_repo\linux_c_sample\linux_c_sample\obj\x64\debug\linux_c_sample.tlog\compile.read.1.tlog
f:\linux_repo\linux_c_sample\linux_c_sample\obj\x64\debug\linux_c_sample.tlog\compile.write.1.tlog
f:\linux_repo\linux_c_sample\linux_c_sample\obj\x64\debug\linux_c_sample.tlog\link.write.1.tlog
