  正在验证源
  正在将源远程复制到“192.168.85.16”
  正在验证体系结构
  正在验证体系结构
  正在启动远程生成
  正在编译源:
  main.cpp
F:\linux_repo\Linux_netdisk_client\Linux_netdisk_client\main.cpp(54,23): warning : conversion from ‘ssize_t’ {aka ‘long int’} to ‘int’ may change value [-Wconversion]
F:\linux_repo\Linux_netdisk_client\Linux_netdisk_client\main.cpp(54,23): warning :    54 |     while ((res = read(fd, buffer, sizeof(buffer))) >0) {
F:\linux_repo\Linux_netdisk_client\Linux_netdisk_client\main.cpp(54,23): warning :       |                   ~~~~^~~~~~~~~~~~~~~~~~~~~~~~~~~~
F:\linux_repo\Linux_netdisk_client\Linux_netdisk_client\main.cpp(57,20): warning : conversion from ‘ssize_t’ {aka ‘long int’} to ‘int’ may change value [-Wconversion]
F:\linux_repo\Linux_netdisk_client\Linux_netdisk_client\main.cpp(57,20): warning :    57 |         res = write(client_socket, &up_file_msg, sizeof(MSG));
F:\linux_repo\Linux_netdisk_client\Linux_netdisk_client\main.cpp(57,20): warning :       |               ~~~~~^~~~~~~~~~~~~~~~~~~~~~~~~~~~~~~~~~~~~~~~~~
F:\linux_repo\Linux_netdisk_client\Linux_netdisk_client\main.cpp(76,19): warning : conversion from ‘ssize_t’ {aka ‘long int’} to ‘int’ may change value [-Wconversion]
F:\linux_repo\Linux_netdisk_client\Linux_netdisk_client\main.cpp(76,19): warning :    76 |         res = read(clinet_socket, &recv_msg, sizeof(MSG));        //用来接收服务器端发过来的数据
F:\linux_repo\Linux_netdisk_client\Linux_netdisk_client\main.cpp(76,19): warning :       |               ~~~~^~~~~~~~~~~~~~~~~~~~~~~~~~~~~~~~~~~~~~~
F:\linux_repo\Linux_netdisk_client\Linux_netdisk_client\main.cpp(96,24): warning : conversion from ‘ssize_t’ {aka ‘long int’} to ‘int’ may change value [-Wconversion]
F:\linux_repo\Linux_netdisk_client\Linux_netdisk_client\main.cpp(96,24): warning :    96 |             res = write(fd, recv_msg.buffer, recv_msg.bytes);            //recv_msg.buffer存放的是文件的部分内容，recv_msg.bytes是这个部分文件的字节数
F:\linux_repo\Linux_netdisk_client\Linux_netdisk_client\main.cpp(96,24): warning :       |                   ~~~~~^~~~~~~~~~~~~~~~~~~~~~~~~~~~~~~~~~~~~
F:\linux_repo\Linux_netdisk_client\Linux_netdisk_client\main.cpp(101,32): warning : comparison of integer expressions of different signedness: ‘int’ and ‘long unsigned int’ [-Wsign-compare]
F:\linux_repo\Linux_netdisk_client\Linux_netdisk_client\main.cpp(101,32): warning :   101 |             if (recv_msg.bytes < sizeof(recv_msg.buffer)){
F:\linux_repo\Linux_netdisk_client\Linux_netdisk_client\main.cpp(101,32): warning :       |                 ~~~~~~~~~~~~~~~^~~~~~~~~~~~~~~~~~~~~~~~~
F:\linux_repo\Linux_netdisk_client\Linux_netdisk_client\main.cpp(139,20): warning : conversion from ‘int’ to ‘char’ may change value [-Wconversion]
F:\linux_repo\Linux_netdisk_client\Linux_netdisk_client\main.cpp(139,20): warning :   139 |         c = getchar(); //获取键盘输入
F:\linux_repo\Linux_netdisk_client\Linux_netdisk_client\main.cpp(139,20): warning :       |             ~~~~~~~^~
F:\linux_repo\Linux_netdisk_client\Linux_netdisk_client\main.cpp(143,24): warning : conversion from ‘ssize_t’ {aka ‘long int’} to ‘int’ may change value [-Wconversion]
F:\linux_repo\Linux_netdisk_client\Linux_netdisk_client\main.cpp(143,24): warning :   143 |             res = write(client_socket, &send_msg, sizeof(MSG));
F:\linux_repo\Linux_netdisk_client\Linux_netdisk_client\main.cpp(143,24): warning :       |                   ~~~~~^~~~~~~~~~~~~~~~~~~~~~~~~~~~~~~~~~~~~~~
F:\linux_repo\Linux_netdisk_client\Linux_netdisk_client\main.cpp(152,24): warning : conversion from ‘ssize_t’ {aka ‘long int’} to ‘int’ may change value [-Wconversion]
F:\linux_repo\Linux_netdisk_client\Linux_netdisk_client\main.cpp(152,24): warning :   152 |             res = write(client_socket, &send_msg, sizeof(MSG));
F:\linux_repo\Linux_netdisk_client\Linux_netdisk_client\main.cpp(152,24): warning :       |                   ~~~~~^~~~~~~~~~~~~~~~~~~~~~~~~~~~~~~~~~~~~~~
F:\linux_repo\Linux_netdisk_client\Linux_netdisk_client\main.cpp(165,24): warning : conversion from ‘ssize_t’ {aka ‘long int’} to ‘int’ may change value [-Wconversion]
F:\linux_repo\Linux_netdisk_client\Linux_netdisk_client\main.cpp(165,24): warning :   165 |             res = write(client_socket, &send_msg, sizeof(MSG));
F:\linux_repo\Linux_netdisk_client\Linux_netdisk_client\main.cpp(165,24): warning :       |                   ~~~~~^~~~~~~~~~~~~~~~~~~~~~~~~~~~~~~~~~~~~~~
F:\linux_repo\Linux_netdisk_client\Linux_netdisk_client\main.cpp(112,10): warning : unused variable ‘buffer’ [-Wunused-variable]
F:\linux_repo\Linux_netdisk_client\Linux_netdisk_client\main.cpp(112,10): warning :   112 |     char buffer[50] = { 0 };
F:\linux_repo\Linux_netdisk_client\Linux_netdisk_client\main.cpp(112,10): warning :       |          ^~~~~~
F:\linux_repo\Linux_netdisk_client\Linux_netdisk_client\main.cpp(67,1): warning : control reaches end of non-void function [-Wreturn-type]
F:\linux_repo\Linux_netdisk_client\Linux_netdisk_client\main.cpp(67,1): warning :    67 | }
F:\linux_repo\Linux_netdisk_client\Linux_netdisk_client\main.cpp(67,1): warning :       | ^
  正在链接对象
  Linux_netdisk_client.vcxproj -> F:\linux_repo\Linux_netdisk_client\Linux_netdisk_client\bin\x64\Debug\Linux_netdisk_client.out
