  正在验证源
  正在将源远程复制到“192.168.226.16”
  正在验证体系结构
  正在验证体系结构
  正在启动远程生成
  正在编译源:
  main.cpp
F:\linux_repo\Linux_disk_net_client\Linux_disk_net_client\main.cpp(57,22): warning : conversion from ‘ssize_t’ {aka ‘long int’} to ‘int’ may change value [-Wconversion]
F:\linux_repo\Linux_disk_net_client\Linux_disk_net_client\main.cpp(57,22): warning :    57 |     while((res = read(fd,buffer,sizeof(buffer))) > 0)
F:\linux_repo\Linux_disk_net_client\Linux_disk_net_client\main.cpp(57,22): warning :       |                  ~~~~^~~~~~~~~~~~~~~~~~~~~~~~~~
F:\linux_repo\Linux_disk_net_client\Linux_disk_net_client\main.cpp(62,20): warning : conversion from ‘ssize_t’ {aka ‘long int’} to ‘int’ may change value [-Wconversion]
F:\linux_repo\Linux_disk_net_client\Linux_disk_net_client\main.cpp(62,20): warning :    62 |         res = write(client_socket, &up_file_msg, res);
F:\linux_repo\Linux_disk_net_client\Linux_disk_net_client\main.cpp(62,20): warning :       |               ~~~~~^~~~~~~~~~~~~~~~~~~~~~~~~~~~~~~~~~
F:\linux_repo\Linux_disk_net_client\Linux_disk_net_client\main.cpp(78,19): warning : conversion from ‘ssize_t’ {aka ‘long int’} to ‘int’ may change value [-Wconversion]
F:\linux_repo\Linux_disk_net_client\Linux_disk_net_client\main.cpp(78,19): warning :    78 |         res = read(clinet_socket, &recv_msg, sizeof(MSG));
F:\linux_repo\Linux_disk_net_client\Linux_disk_net_client\main.cpp(78,19): warning :       |               ~~~~^~~~~~~~~~~~~~~~~~~~~~~~~~~~~~~~~~~~~~~
F:\linux_repo\Linux_disk_net_client\Linux_disk_net_client\main.cpp(111,24): warning : conversion from ‘ssize_t’ {aka ‘long int’} to ‘int’ may change value [-Wconversion]
F:\linux_repo\Linux_disk_net_client\Linux_disk_net_client\main.cpp(111,24): warning :   111 |             res = write(fd, recv_msg.buffer, recv_msg.bytes);
F:\linux_repo\Linux_disk_net_client\Linux_disk_net_client\main.cpp(111,24): warning :       |                   ~~~~~^~~~~~~~~~~~~~~~~~~~~~~~~~~~~~~~~~~~~
F:\linux_repo\Linux_disk_net_client\Linux_disk_net_client\main.cpp(117,32): warning : comparison of integer expressions of different signedness: ‘int’ and ‘long unsigned int’ [-Wsign-compare]
F:\linux_repo\Linux_disk_net_client\Linux_disk_net_client\main.cpp(117,32): warning :   117 |             if (recv_msg.bytes < sizeof(recv_msg.buffer))
F:\linux_repo\Linux_disk_net_client\Linux_disk_net_client\main.cpp(117,32): warning :       |                 ~~~~~~~~~~~~~~~^~~~~~~~~~~~~~~~~~~~~~~~~
F:\linux_repo\Linux_disk_net_client\Linux_disk_net_client\main.cpp(166,20): warning : conversion from ‘int’ to ‘char’ may change value [-Wconversion]
F:\linux_repo\Linux_disk_net_client\Linux_disk_net_client\main.cpp(166,20): warning :   166 |         c = getchar(); //获取键盘输入
F:\linux_repo\Linux_disk_net_client\Linux_disk_net_client\main.cpp(166,20): warning :       |             ~~~~~~~^~
F:\linux_repo\Linux_disk_net_client\Linux_disk_net_client\main.cpp(173,24): warning : conversion from ‘ssize_t’ {aka ‘long int’} to ‘int’ may change value [-Wconversion]
F:\linux_repo\Linux_disk_net_client\Linux_disk_net_client\main.cpp(173,24): warning :   173 |             res = write(client_socket, &send_msg, sizeof(MSG));
F:\linux_repo\Linux_disk_net_client\Linux_disk_net_client\main.cpp(173,24): warning :       |                   ~~~~~^~~~~~~~~~~~~~~~~~~~~~~~~~~~~~~~~~~~~~~
F:\linux_repo\Linux_disk_net_client\Linux_disk_net_client\main.cpp(182,24): warning : conversion from ‘ssize_t’ {aka ‘long int’} to ‘int’ may change value [-Wconversion]
F:\linux_repo\Linux_disk_net_client\Linux_disk_net_client\main.cpp(182,24): warning :   182 |             res = write(client_socket, &send_msg, sizeof(MSG));
F:\linux_repo\Linux_disk_net_client\Linux_disk_net_client\main.cpp(182,24): warning :       |                   ~~~~~^~~~~~~~~~~~~~~~~~~~~~~~~~~~~~~~~~~~~~~
F:\linux_repo\Linux_disk_net_client\Linux_disk_net_client\main.cpp(191,27): warning : statement has no effect [-Wunused-value]
F:\linux_repo\Linux_disk_net_client\Linux_disk_net_client\main.cpp(191,27): warning :   191 |             send_msg.type == MSG_TYPE_UPLOAD;
F:\linux_repo\Linux_disk_net_client\Linux_disk_net_client\main.cpp(191,27): warning :       |                           ^
F:\linux_repo\Linux_disk_net_client\Linux_disk_net_client\main.cpp(196,24): warning : conversion from ‘ssize_t’ {aka ‘long int’} to ‘int’ may change value [-Wconversion]
F:\linux_repo\Linux_disk_net_client\Linux_disk_net_client\main.cpp(196,24): warning :   196 |             res = write(client_socket, &send_msg, sizeof(MSG));
F:\linux_repo\Linux_disk_net_client\Linux_disk_net_client\main.cpp(196,24): warning :       |                   ~~~~~^~~~~~~~~~~~~~~~~~~~~~~~~~~~~~~~~~~~~~~
F:\linux_repo\Linux_disk_net_client\Linux_disk_net_client\main.cpp(134,10): warning : unused variable ‘buffer’ [-Wunused-variable]
F:\linux_repo\Linux_disk_net_client\Linux_disk_net_client\main.cpp(134,10): warning :   134 |     char buffer[50] = {0};
F:\linux_repo\Linux_disk_net_client\Linux_disk_net_client\main.cpp(134,10): warning :       |          ^~~~~~
F:\linux_repo\Linux_disk_net_client\Linux_disk_net_client\main.cpp(67,1): warning : control reaches end of non-void function [-Wreturn-type]
F:\linux_repo\Linux_disk_net_client\Linux_disk_net_client\main.cpp(67,1): warning :    67 | }
F:\linux_repo\Linux_disk_net_client\Linux_disk_net_client\main.cpp(67,1): warning :       | ^
  正在链接对象
  Linux_disk_net_client.vcxproj -> F:\linux_repo\Linux_disk_net_client\Linux_disk_net_client\bin\x64\Debug\Linux_disk_net_client.out
